0 info it worked if it ends with ok
1 verbose cli [ 'node', '/usr/local/bin/npm', 'install', 'mocha' ]
2 info using npm@1.4.3
3 info using node@v0.10.26
4 verbose cache add [ 'mocha', null ]
5 verbose cache add name=undefined spec="mocha" args=["mocha",null]
6 verbose parsed url { protocol: null,
6 verbose parsed url   slashes: null,
6 verbose parsed url   auth: null,
6 verbose parsed url   host: null,
6 verbose parsed url   port: null,
6 verbose parsed url   hostname: null,
6 verbose parsed url   hash: null,
6 verbose parsed url   search: null,
6 verbose parsed url   query: null,
6 verbose parsed url   pathname: 'mocha',
6 verbose parsed url   path: 'mocha',
6 verbose parsed url   href: 'mocha' }
7 silly lockFile a619da43-mocha mocha
8 verbose lock mocha /Users/davebriand/.npm/a619da43-mocha.lock
9 silly lockFile a619da43-mocha mocha
10 silly lockFile a619da43-mocha mocha
11 verbose addNamed [ 'mocha', '' ]
12 verbose addNamed [ null, '*' ]
13 silly lockFile b9899f31-mocha mocha@
14 verbose lock mocha@ /Users/davebriand/.npm/b9899f31-mocha.lock
15 silly addNameRange { name: 'mocha', range: '*', hasData: false }
16 verbose url raw mocha
17 verbose url resolving [ 'https://registry.npmjs.org/', './mocha' ]
18 verbose url resolved https://registry.npmjs.org/mocha
19 info trying registry request attempt 1 at 05:21:54
20 verbose etag "8GDIPBYDEXYHAZJ7VKA47VHCO"
21 http GET https://registry.npmjs.org/mocha
22 http 200 https://registry.npmjs.org/mocha
23 silly registry.get cb [ 200,
23 silly registry.get   { date: 'Wed, 27 Aug 2014 09:21:56 GMT',
23 silly registry.get     server: 'CouchDB/1.5.0 (Erlang OTP/R16B03)',
23 silly registry.get     etag: '"3NI1OTJPMG3PD568XSBUQRX6O"',
23 silly registry.get     'content-type': 'application/json',
23 silly registry.get     'cache-control': 'max-age=60',
23 silly registry.get     'content-length': '101414',
23 silly registry.get     'accept-ranges': 'bytes',
23 silly registry.get     via: '1.1 varnish',
23 silly registry.get     age: '202',
23 silly registry.get     'x-served-by': 'cache-jfk1027-JFK',
23 silly registry.get     'x-cache': 'HIT',
23 silly registry.get     'x-cache-hits': '1',
23 silly registry.get     'x-timer': 'S1409131316.440775,VS0,VE86',
23 silly registry.get     vary: 'Accept',
23 silly registry.get     'keep-alive': 'timeout=10, max=50',
23 silly registry.get     connection: 'Keep-Alive' } ]
24 silly addNameRange number 2 { name: 'mocha', range: '*', hasData: true }
25 silly addNameRange versions [ 'mocha',
25 silly addNameRange   [ '0.0.1-alpha1',
25 silly addNameRange     '0.0.1-alpha2',
25 silly addNameRange     '0.0.1-alpha3',
25 silly addNameRange     '0.0.1-alpha4',
25 silly addNameRange     '0.0.1-alpha5',
25 silly addNameRange     '0.0.1-alpha6',
25 silly addNameRange     '0.0.1',
25 silly addNameRange     '0.0.2',
25 silly addNameRange     '0.0.3',
25 silly addNameRange     '0.0.4',
25 silly addNameRange     '0.0.5',
25 silly addNameRange     '0.0.6',
25 silly addNameRange     '0.0.7',
25 silly addNameRange     '0.0.8',
25 silly addNameRange     '0.1.0',
25 silly addNameRange     '0.2.0',
25 silly addNameRange     '0.3.0',
25 silly addNameRange     '0.3.1',
25 silly addNameRange     '0.3.2',
25 silly addNameRange     '0.3.3',
25 silly addNameRange     '0.3.4',
25 silly addNameRange     '0.3.6',
25 silly addNameRange     '0.4.0',
25 silly addNameRange     '0.5.0',
25 silly addNameRange     '0.6.0',
25 silly addNameRange     '0.7.0',
25 silly addNameRange     '0.7.1',
25 silly addNameRange     '0.8.0',
25 silly addNameRange     '0.8.1',
25 silly addNameRange     '0.9.0',
25 silly addNameRange     '0.10.0',
25 silly addNameRange     '0.10.1',
25 silly addNameRange     '0.10.2',
25 silly addNameRange     '0.11.0',
25 silly addNameRange     '0.12.0',
25 silly addNameRange     '0.12.1',
25 silly addNameRange     '0.13.0',
25 silly addNameRange     '0.14.0',
25 silly addNameRange     '0.14.1',
25 silly addNameRange     '1.0.0',
25 silly addNameRange     '1.0.1',
25 silly addNameRange     '1.0.2',
25 silly addNameRange     '1.0.3',
25 silly addNameRange     '1.1.0',
25 silly addNameRange     '1.2.0',
25 silly addNameRange     '1.2.1',
25 silly addNameRange     '1.2.2',
25 silly addNameRange     '1.3.0',
25 silly addNameRange     '1.3.1',
25 silly addNameRange     '1.3.2',
25 silly addNameRange     '1.4.0',
25 silly addNameRange     '1.4.1',
25 silly addNameRange     '1.4.2',
25 silly addNameRange     '1.4.3',
25 silly addNameRange     '1.5.0',
25 silly addNameRange     '1.6.0',
25 silly addNameRange     '1.7.0',
25 silly addNameRange     '1.7.1',
25 silly addNameRange     '1.7.2',
25 silly addNameRange     '1.7.3',
25 silly addNameRange     '1.7.4',
25 silly addNameRange     '1.8.0',
25 silly addNameRange     '1.8.1',
25 silly addNameRange     '1.8.2',
25 silly addNameRange     '1.9.0',
25 silly addNameRange     '1.10.0',
25 silly addNameRange     '1.11.0',
25 silly addNameRange     '1.12.0',
25 silly addNameRange     '1.12.1',
25 silly addNameRange     '1.13.0',
25 silly addNameRange     '1.14.0',
25 silly addNameRange     '1.15.0',
25 silly addNameRange     '1.15.1',
25 silly addNameRange     '1.16.0',
25 silly addNameRange     '1.16.1',
25 silly addNameRange     '1.16.2',
25 silly addNameRange     '1.17.0',
25 silly addNameRange     '1.17.1',
25 silly addNameRange     '1.18.0',
25 silly addNameRange     '1.18.1',
25 silly addNameRange     '1.18.2',
25 silly addNameRange     '1.19.0',
25 silly addNameRange     '1.20.0',
25 silly addNameRange     '1.20.1',
25 silly addNameRange     '1.21.0',
25 silly addNameRange     '1.21.1',
25 silly addNameRange     '1.21.2',
25 silly addNameRange     '1.21.3',
25 silly addNameRange     '1.21.4' ] ]
26 verbose addNamed [ 'mocha', '1.21.4' ]
27 verbose addNamed [ '1.21.4', '1.21.4' ]
28 silly lockFile a6953c81-mocha-1-21-4 mocha@1.21.4
29 verbose lock mocha@1.21.4 /Users/davebriand/.npm/a6953c81-mocha-1-21-4.lock
30 silly lockFile a6953c81-mocha-1-21-4 mocha@1.21.4
31 silly lockFile a6953c81-mocha-1-21-4 mocha@1.21.4
32 silly lockFile b9899f31-mocha mocha@
33 silly lockFile b9899f31-mocha mocha@
34 silly resolved [ { name: 'mocha',
34 silly resolved     version: '1.21.4',
34 silly resolved     description: 'simple, flexible, fun test framework',
34 silly resolved     keywords: [ 'mocha', 'test', 'bdd', 'tdd', 'tap' ],
34 silly resolved     author: { name: 'TJ Holowaychuk', email: 'tj@vision-media.ca' },
34 silly resolved     contributors:
34 silly resolved      [ [Object],
34 silly resolved        [Object],
34 silly resolved        [Object],
34 silly resolved        [Object],
34 silly resolved        [Object],
34 silly resolved        [Object],
34 silly resolved        [Object] ],
34 silly resolved     repository: { type: 'git', url: 'git://github.com/visionmedia/mocha.git' },
34 silly resolved     main: './index',
34 silly resolved     browser: './mocha.js',
34 silly resolved     bin: { mocha: './bin/mocha', _mocha: './bin/_mocha' },
34 silly resolved     engines: { node: '>= 0.4.x' },
34 silly resolved     scripts: { test: 'make test-all' },
34 silly resolved     dependencies:
34 silly resolved      { commander: '2.0.0',
34 silly resolved        growl: '1.8.x',
34 silly resolved        jade: '0.26.3',
34 silly resolved        diff: '1.0.7',
34 silly resolved        debug: '*',
34 silly resolved        mkdirp: '0.3.5',
34 silly resolved        glob: '3.2.3' },
34 silly resolved     devDependencies: { 'coffee-script': '~1.7.1', should: '~4.0.0' },
34 silly resolved     files:
34 silly resolved      [ 'bin',
34 silly resolved        'images',
34 silly resolved        'lib',
34 silly resolved        'index.js',
34 silly resolved        'mocha.css',
34 silly resolved        'mocha.js',
34 silly resolved        'LICENSE' ],
34 silly resolved     licenses: [ [Object] ],
34 silly resolved     readme: ' [![Build Status](https://secure.travis-ci.org/visionmedia/mocha.png)](http://travis-ci.org/visionmedia/mocha)\n\n  [![Mocha test framework](http://f.cl.ly/items/3l1k0n2A1U3M1I1L210p/Screen%20Shot%202012-02-24%20at%202.21.43%20PM.png)](http://visionmedia.github.io/mocha)\n\n  Mocha is a simple, flexible, fun JavaScript test framework for node.js and the browser. For more information view the [documentation](http://visionmedia.github.io/mocha).\n\n## Contributors\n\n```\n\n project  : mocha\n repo age : 2 years, 11 months\n active   : 433 days\n commits  : 1424\n files    : 143\n authors  :\n   588\tTJ Holowaychuk         41.3%\n   389\tTj Holowaychuk         27.3%\n    98\tTravis Jeffery         6.9%\n    31\tGuillermo Rauch        2.2%\n    13\tAttila Domokos         0.9%\n    10\tJohn Firebaugh         0.7%\n     8\tJo Liss                0.6%\n     7\tJoshua Appelman        0.5%\n     7\tNathan Rajlich         0.5%\n     6\tBrendan Nee            0.4%\n     6\tJames Carr             0.4%\n     6\tMike Pennisi           0.4%\n     5\tRaynos                 0.4%\n     5\tAaron Heckmann         0.4%\n     5\tRyunosuke SATO         0.4%\n     4\tForbes Lindesay        0.3%\n     4\tDomenic Denicola       0.3%\n     4\tXavier Antoviaque      0.3%\n     4\thokaccha               0.3%\n     4\tJonathan Ong           0.3%\n     4\tJoshua Krall           0.3%\n     3\tBen Lindsey            0.2%\n     3\tBenjie Gillam          0.2%\n     3\tFredrik Enestad        0.2%\n     3\tSindre Sorhus          0.2%\n     3\tCory Thomas            0.2%\n     3\tMathieu Desvé          0.2%\n     3\tTyson Tate             0.2%\n     3\tValentin Agachi        0.2%\n     3\tWil Moore III          0.2%\n     3\tJesse Dailey           0.2%\n     3\tMerrick Christensen    0.2%\n     3\teiji.ienaga            0.2%\n     3\tfool2fish              0.2%\n     3\tNathan Bowser          0.2%\n     3\tPaul Miller            0.2%\n     2\tFARKAS Máté            0.1%\n     2\tShawn Krisman          0.1%\n     2\tJacob Wejendorp        0.1%\n     2\tJonas Westerlund       0.1%\n     2\tPaul Armstrong         0.1%\n     2\tKonstantin Käfer       0.1%\n     2\tMichael Riley          0.1%\n     2\tMichael Schoonmaker    0.1%\n     2\tAndreas Lind Petersen  0.1%\n     2\tdomenic                0.1%\n     2\tQuang Van              0.1%\n     2\tfcrisci                0.1%\n     2\tNathan Alderson        0.1%\n     2\ttravis jeffery         0.1%\n     2\tJuzer Ali              0.1%\n     2\tPete Hawkins           0.1%\n     2\tJustin DuJardin        0.1%\n     2\tDavid Henderson        0.1%\n     2\tjsdevel                0.1%\n     2\tTimo Tijhof            0.1%\n     2\tBrian Beck             0.1%\n     2\tSimon Gaeremynck       0.1%\n     2\tIan Storm Taylor       0.1%\n     2\tArian Stolwijk         0.1%\n     2\tAlexander Early        0.1%\n     2\tBen Bradley            0.1%\n     2\tGlen Mailer            0.1%\n     1\tMaciej Małecki         0.1%\n     1\tMal Graty              0.1%\n     1\tMarc Kuo               0.1%\n     1\tMatija Marohnić        0.1%\n     1\tMatt Robenolt          0.1%\n     1\tMatt Smith             0.1%\n     1\tMatthew Shanley        0.1%\n     1\tMattias Tidlund        0.1%\n     1\tMichael Jackson        0.1%\n     1\tNathan Black           0.1%\n     1\tNick Fitzgerald        0.1%\n     1\tNoshir Patel           0.1%\n     1\tPanu Horsmalahti       0.1%\n     1\tPhil Sung              0.1%\n     1\tR56                    0.1%\n     1\tRefael Ackermann       0.1%\n     1\tRichard Dingwall       0.1%\n     1\tRomain Prieto          0.1%\n     1\tRoman Neuhauser        0.1%\n     1\tRoman Shtylman         0.1%\n     1\tRuss Bradberry         0.1%\n     1\tRussell Munson         0.1%\n     1\tRustem Mustafin        0.1%\n     1\tSalehen Shovon Rahman  0.1%\n     1\tSasha Koss             0.1%\n     1\tSeiya Konno            0.1%\n     1\tShaine Hatch           0.1%\n     1\tSimon Goumaz           0.1%\n     1\tStanda Opichal         0.1%\n     1\tStephen Mathieson      0.1%\n     1\tSteve Mason            0.1%\n     1\tTapiwa Kelvin          0.1%\n     1\tTeddy Zeenny           0.1%\n     1\tTim Ehat               0.1%\n     1\tVadim Nikitin          0.1%\n     1\tVictor Costan          0.1%\n     1\tWill Langstroth        0.1%\n     1\tYanis Wang             0.1%\n     1\tYuest Wang             0.1%\n     1\tZsolt Takács           0.1%\n     1\tabrkn                  0.1%\n     1\tairportyh              0.1%\n     1\tbadunk                 0.1%\n     1\tclaudyus               0.1%\n     1\tfengmk2                0.1%\n     1\tgaye                   0.1%\n     1\tgrasGendarme           0.1%\n     1\tlakmeer                0.1%\n     1\tlodr                   0.1%\n     1\tqiuzuhui               0.1%\n     1\tsebv                   0.1%\n     1\ttgautier@yahoo.com     0.1%\n     1\ttraleig1               0.1%\n     1\tvlad                   0.1%\n     1\tyuitest                0.1%\n     1\tAdam Crabtree          0.1%\n     1\tAndreas Brekken        0.1%\n     1\tAndrew Nesbitt         0.1%\n     1\tAndrey Popp            0.1%\n     1\tArnaud Brousseau       0.1%\n     1\tAtsuya Takagi          0.1%\n     1\tAustin Birch           0.1%\n     1\tBen Noordhuis          0.1%\n     1\tBjørge Næss            0.1%\n     1\tBrian Lalor            0.1%\n     1\tBrian M. Carlson       0.1%\n     1\tBrian Moore            0.1%\n     1\tBryan Donovan          0.1%\n     1\tCasey Foster           0.1%\n     1\tChrisWren              0.1%\n     1\tChristopher Hiller     0.1%\n     1\tCorey Butler           0.1%\n     1\tDaniel Stockman        0.1%\n     1\tDave McKenna           0.1%\n     1\tDenis Bardadym         0.1%\n     1\tDevin Weaver           0.1%\n     1\tDi Wu                  0.1%\n     1\tDmitry Shirokov        0.1%\n     1\tFedor Indutny          0.1%\n     1\tFlorian Margaine       0.1%\n     1\tFrederico Silva        0.1%\n     1\tFredrik Lindin         0.1%\n     1\tGareth Aye             0.1%\n     1\tGareth Murphy          0.1%\n     1\tGavin Mogan            0.1%\n     1\tGiovanni Bassi         0.1%\n     1\tGlen Huang             0.1%\n     1\tGreg Perkins           0.1%\n     1\tHarish                 0.1%\n     1\tHarry Brundage         0.1%\n     1\tHerman Junge           0.1%\n     1\tIan Young              0.1%\n     1\tIvan                   0.1%\n     1\tJP Bochi               0.1%\n     1\tJaakko Salonen         0.1%\n     1\tJakub Nešetřil         0.1%\n     1\tJames Bowes            0.1%\n     1\tJames Lal              0.1%\n     1\tJan Kopriva            0.1%\n     1\tJason Barry            0.1%\n     1\tJavier Aranda          0.1%\n     1\tJean Ponchon           0.1%\n     1\tJeff Kunkle            0.1%\n     1\tJeremy Martin          0.1%\n     1\tJimmy Cuadra           0.1%\n     1\tJohn Doty              0.1%\n     1\tJonathan Creamer       0.1%\n     1\tJonathan Park          0.1%\n     1\tJussi Virtanen         0.1%\n     1\tKatie Gengler          0.1%\n     1\tKazuhito Hokamura      0.1%\n     1\tKirill Korolyov        0.1%\n     1\tKoen Punt              0.1%\n     1\tLaszlo Bacsi           0.1%\n     1\tLiam Newman            0.1%\n     1\tLinus Unnebäck         0.1%\n     1\tLászló Bácsi           0.1%\n```\n\n## Links\n\n  - [Google Group](http://groups.google.com/group/mochajs)\n  - [Wiki](https://github.com/visionmedia/mocha/wiki)\n  - Mocha [Extensions and reporters](https://github.com/visionmedia/mocha/wiki)\n',
34 silly resolved     readmeFilename: 'Readme.md',
34 silly resolved     bugs: { url: 'https://github.com/visionmedia/mocha/issues' },
34 silly resolved     homepage: 'https://github.com/visionmedia/mocha',
34 silly resolved     _id: 'mocha@1.21.4',
34 silly resolved     _from: 'mocha@' } ]
35 info install mocha@1.21.4 into /Users/davebriand/resttest
36 info installOne mocha@1.21.4
37 info /Users/davebriand/resttest/node_modules/mocha unbuild
38 info preuninstall mocha@1.21.4
39 info uninstall mocha@1.21.4
40 verbose true,/Users/davebriand/resttest/node_modules,/Users/davebriand/resttest/node_modules unbuild mocha@1.21.4
41 verbose /Users/davebriand/resttest/node_modules/.bin,[object Object] binRoot
42 info postuninstall mocha@1.21.4
43 info /Users/davebriand/resttest/node_modules/mocha unbuild
44 error error rolling back Error: EACCES, unlink '/Users/davebriand/resttest/node_modules/mocha/node_modules/.bin/jade'
44 error error rolling back  mocha@1.21.4 { [Error: EACCES, unlink '/Users/davebriand/resttest/node_modules/mocha/node_modules/.bin/jade']
44 error error rolling back   errno: 3,
44 error error rolling back   code: 'EACCES',
44 error error rolling back   path: '/Users/davebriand/resttest/node_modules/mocha/node_modules/.bin/jade' }
45 error Error: EACCES, unlink '/Users/davebriand/resttest/node_modules/mocha/node_modules/.bin/jade'
45 error  { [Error: EACCES, unlink '/Users/davebriand/resttest/node_modules/mocha/node_modules/.bin/jade']
45 error   errno: 3,
45 error   code: 'EACCES',
45 error   path: '/Users/davebriand/resttest/node_modules/mocha/node_modules/.bin/jade' }
46 error Please try running this command again as root/Administrator.
47 error System Darwin 13.1.0
48 error command "node" "/usr/local/bin/npm" "install" "mocha"
49 error cwd /Users/davebriand/resttest
50 error node -v v0.10.26
51 error npm -v 1.4.3
52 error path /Users/davebriand/resttest/node_modules/mocha/node_modules/.bin/jade
53 error code EACCES
54 error errno 3
55 error stack Error: EACCES, unlink '/Users/davebriand/resttest/node_modules/mocha/node_modules/.bin/jade'
56 verbose exit [ 3, true ]
